main.c: In function ‘main’:
main.c:30:29: warning: format ‘%s’ expects argument of type ‘char *’, but argument 3 has type ‘char (*)[30]’ [-Wformat=]
         fscanf(fdatMed, "%30s %30s %8s",
                          ~~~^
                &currentM->nom, &currentM->prenom, &currentM->dateN);
                ~~~~~~~~~~~~~~
main.c:30:34: warning: format ‘%s’ expects argument of type ‘char *’, but argument 4 has type ‘char (*)[30]’ [-Wformat=]
         fscanf(fdatMed, "%30s %30s %8s",
                               ~~~^
                &currentM->nom, &currentM->prenom, &currentM->dateN);
                                ~~~~~~~~~~~~~~~~~
main.c:30:38: warning: format ‘%s’ expects argument of type ‘char *’, but argument 5 has type ‘char (*)[9]’ [-Wformat=]
         fscanf(fdatMed, "%30s %30s %8s",
                                    ~~^
                &currentM->nom, &currentM->prenom, &currentM->dateN);
                                                   ~~~~~~~~~~~~~~~~
main.c:52:25: warning: format ‘%s’ expects argument of type ‘char *’, but argument 3 has type ‘char (*)[16]’ [-Wformat=]
     fscanf(fdatPat, "%15s", &currentP->regNat);
                      ~~~^   ~~~~~~~~~~~~~~~~~
main.c:55:29: warning: format ‘%s’ expects argument of type ‘char *’, but argument 3 has type ‘char (*)[30]’ [-Wformat=]
         fscanf(fdatPat, "%30s %30s %14s %8s",
                          ~~~^
                &currentP->nom, &currentP->nom, &currentP->numTel, &currentP->dateN);
                ~~~~~~~~~~~~~~
main.c:55:34: warning: format ‘%s’ expects argument of type ‘char *’, but argument 4 has type ‘char (*)[30]’ [-Wformat=]
         fscanf(fdatPat, "%30s %30s %14s %8s",
                               ~~~^
                &currentP->nom, &currentP->nom, &currentP->numTel, &currentP->dateN);
                                ~~~~~~~~~~~~~~
main.c:55:39: warning: format ‘%s’ expects argument of type ‘char *’, but argument 5 has type ‘char (*)[14]’ [-Wformat=]
         fscanf(fdatPat, "%30s %30s %14s %8s",
                                    ~~~^
                &currentP->nom, &currentP->nom, &currentP->numTel, &currentP->dateN);
                                                ~~~~~~~~~~~~~~~~~
main.c:55:43: warning: format ‘%s’ expects argument of type ‘char *’, but argument 6 has type ‘char (*)[9]’ [-Wformat=]
         fscanf(fdatPat, "%30s %30s %14s %8s",
                                         ~~^
                &currentP->nom, &currentP->nom, &currentP->numTel, &currentP->dateN);
                                                                   ~~~~~~~~~~~~~~~~
main.c:66:29: warning: format ‘%s’ expects argument of type ‘char *’, but argument 3 has type ‘char (*)[16]’ [-Wformat=]
         fscanf(fdatPat, "%15s", &currentP->regNat);
                          ~~~^   ~~~~~~~~~~~~~~~~~
